<?xml version="1.0" encoding="UTF-8"?>
<!-- Generated by org.testng.reporters.JUnitXMLReporter -->
<testsuite hostname="sam-PC" name="Test" tests="1" failures="0" timestamp="24 Sep 2015 10:54:31 GMT" time="65.424" errors="0">
  <testcase name="@AfterClass createwrap" time="0.0" classname="TestNgPack.Wrap_Test">
    <failure type="java.lang.AssertionError" message="expected [Logout] but found [Login]">
      <![CDATA[java.lang.AssertionError: expected [Logout] but found [Login]
	at TestNgPack.Wrap_Test.createwrap(Wrap_Test.java:98)
... Removed 29 stack frames]]>
    </failure>
  </testcase> <!-- @AfterClass createwrap -->
  <testcase name="Login" time="18.141" classname="TestNgPack.Wrap_Test"/>
</testsuite> <!-- Test -->
