<?xml version="1.0" encoding="UTF-8"?>
<testng-results skipped="0" failed="0" total="1" passed="1">
  <reporter-output>
  </reporter-output>
  <suite name="Default suite" duration-ms="138552" started-at="2015-09-27T07:17:10Z" finished-at="2015-09-27T07:19:28Z">
    <groups>
    </groups>
    <test name="Default test" duration-ms="138552" started-at="2015-09-27T07:17:10Z" finished-at="2015-09-27T07:19:28Z">
      <class name="com.gurpreet.project.App">
        <test-method status="PASS" signature="opensite()[pri:0, instance:com.gurpreet.project.App@305ffe9e]" name="opensite" is-config="true" duration-ms="54129" started-at="2015-09-27T12:47:10Z" finished-at="2015-09-27T12:48:04Z">
          <reporter-output>
          </reporter-output>
        </test-method> <!-- opensite -->
        <test-method status="PASS" signature="open()[pri:0, instance:com.gurpreet.project.App@305ffe9e]" name="open" duration-ms="83517" started-at="2015-09-27T12:48:04Z" finished-at="2015-09-27T12:49:27Z">
          <reporter-output>
          </reporter-output>
        </test-method> <!-- open -->
        <test-method status="PASS" signature="quit()[pri:0, instance:com.gurpreet.project.App@305ffe9e]" name="quit" is-config="true" duration-ms="894" started-at="2015-09-27T12:49:27Z" finished-at="2015-09-27T12:49:28Z">
          <reporter-output>
          </reporter-output>
        </test-method> <!-- quit -->
      </class> <!-- com.gurpreet.project.App -->
    </test> <!-- Default test -->
  </suite> <!-- Default suite -->
</testng-results>
